<?xml version="1.0" encoding="UTF-8"?>
<!-- Generated by org.testng.reporters.JUnitXMLReporter -->
<testsuite hostname="DESKTOP-KJC6B92" name="Test" tests="3" failures="0" timestamp="20 Nov 2023 12:02:41 GMT" time="19.711" errors="0">
  <testcase name="performEditPassTest" time="5.308" classname="tests1.EditPassTest"/>
  <testcase name="performEditAddrTest" time="6.457" classname="tests1.EditAddrTest"/>
  <testcase name="performEditAccTest" time="1.119" classname="tests1.EditAccTest"/>
</testsuite> <!-- Test -->
